/*C3*/SET SCHEMA PUBLIC
DELETE FROM SCHOOLS WHERE SCHOOLID='f1b24c0b-205a-4f34-866a-cbce278628c0'
COMMIT
DELETE FROM SCHOOLS WHERE SCHOOLID='3b2b44b7-b661-4970-91fa-d40f765fc2de'
INSERT INTO SCHOOLS VALUES('3b2b44b7-b661-4970-91fa-d40f765fc2de','Lebanon Community School Corp','1810 N Grant St','Lebanon','IN','46052-2241','Boone','(765) 482-0380','(765) 483-3053',976)
COMMIT
INSERT INTO SCHOOLS VALUES('f4ab1166-1b44-40f9-9a0c-040951c3d0ac','Leo High School',NULL,NULL,NULL,NULL,NULL,NULL,NULL,872)
COMMIT
DELETE FROM SCHOOLS WHERE SCHOOLID='4212cdc5-a4fc-48c8-9abb-42419cdfd62a'
COMMIT
INSERT INTO SCHOOLS VALUES('38ccfc65-ee6b-43e7-8510-36f4f1932f78','Liberty Christian School',NULL,NULL,NULL,NULL,NULL,NULL,NULL,150)
COMMIT
INSERT INTO SCHOOLS VALUES('4c21e0be-4d6e-4571-878c-7f05e9469a21','Lowell High School',NULL,NULL,NULL,NULL,NULL,NULL,NULL,1197)
COMMIT
DELETE FROM SCHOOLS WHERE SCHOOLID='f1d41d65-5572-44e0-8506-d27ef0698263'
COMMIT
INSERT INTO SCHOOLS VALUES('8ae71974-1177-4f7a-9464-29e283f6051f','Marquette Catholic HS',NULL,NULL,NULL,NULL,NULL,NULL,NULL,273)
COMMIT
INSERT INTO SCHOOLS VALUES('93aa949f-37fc-4e3a-915b-92f59a598f32','Martinsville High School',NULL,NULL,NULL,NULL,NULL,NULL,NULL,1509)
COMMIT
INSERT INTO SCHOOLS VALUES('6c00b39f-5358-4451-8a6f-4b2f96b9230e','McCutcheon High School',NULL,NULL,NULL,NULL,NULL,NULL,NULL,1769)
COMMIT
DELETE FROM SCHOOLS WHERE SCHOOLID='25b260f7-1489-4d2e-b2d4-d1525d421c59'
INSERT INTO SCHOOLS VALUES('25b260f7-1489-4d2e-b2d4-d1525d421c59','Medora Community School Corp','PO Box 369','Medora','IN','47260-0369','Jackson','(812) 966-2210','(812) 966-2217',73)
COMMIT
INSERT INTO SCHOOLS VALUES('62194d48-01e3-49cd-83f6-ae2c932a251b','Mishawaka High School',NULL,NULL,NULL,NULL,NULL,NULL,NULL,1470)
COMMIT
INSERT INTO SCHOOLS VALUES('32a28bd8-6937-48e0-b7d6-81fe6f084ad2','Mishawaka Marian High School',NULL,NULL,NULL,NULL,NULL,NULL,NULL,688)
COMMIT
INSERT INTO SCHOOLS VALUES('82dfd3b2-9d68-4a29-9270-2304fae94083','Monrovia Marian High School',NULL,NULL,NULL,NULL,NULL,NULL,NULL,527)
COMMIT
DELETE FROM SCHOOLS WHERE SCHOOLID='82dfd3b2-9d68-4a29-9270-2304fae94083'
COMMIT
INSERT INTO SCHOOLS VALUES('5a038a5a-4d7e-4a72-b5e3-7cd31da92291','Monrovia High School',NULL,NULL,NULL,NULL,NULL,NULL,NULL,527)
COMMIT
INSERT INTO SCHOOLS VALUES('74a5af6b-294d-4298-801f-09ab689ca7cb','Morgan Township High School',NULL,NULL,NULL,NULL,NULL,NULL,NULL,244)
COMMIT
INSERT INTO SCHOOLS VALUES('5bcc8932-ab56-47ce-95bf-17a83439a1a2','Morristown High School',NULL,NULL,NULL,NULL,NULL,NULL,NULL,194)
COMMIT
DELETE FROM SCHOOLS WHERE SCHOOLID='ec2553b6-348e-49ca-8d25-f9d3d699ba38'
COMMIT
INSERT INTO SCHOOLS VALUES('f88c2523-518f-4bc8-a082-394df35343c9','Mt. Vernon High School',NULL,NULL,NULL,NULL,NULL,NULL,NULL,658)
COMMIT
INSERT INTO SCHOOLS VALUES('a1522b77-80fe-4e7c-92d0-bf60b4e30585','Mt. Vernon (FortVille) High School',NULL,NULL,NULL,NULL,NULL,NULL,NULL,1227)
COMMIT
INSERT INTO SCHOOLS VALUES('a3c4bdf8-3868-4ea7-ae9b-a866ba543d07','Muncie Burris Laboratory School',NULL,NULL,NULL,NULL,NULL,NULL,NULL,1227)
COMMIT
INSERT INTO SCHOOLS VALUES('edd2213f-ef3d-43fe-a568-bc16d6a56f94','Muncie Central High School',NULL,NULL,NULL,NULL,NULL,NULL,NULL,1551)
COMMIT
DELETE FROM SCHOOLS WHERE SCHOOLID='2d71f19e-2461-457b-8503-6d6682cf2e9c'
COMMIT
INSERT INTO SCHOOLS VALUES('bcb95493-5a45-40bf-b933-3a66ad64c64d','Munster High School',NULL,NULL,NULL,NULL,NULL,NULL,NULL,1510)
COMMIT
DELETE FROM SCHOOLS WHERE SCHOOLID='4d5807f1-5ff0-4638-86a1-f6189017abc5'
COMMIT
DELETE FROM SCHOOLS WHERE SCHOOLID='38589ca9-839d-43a5-8a91-1dd13cccd071'
COMMIT
DELETE FROM SCHOOLS WHERE SCHOOLID='1c3870cd-d817-47c1-827f-7ab35690fc7c'
COMMIT
DELETE FROM SCHOOLS WHERE SCHOOLID='e3419f5d-f837-4fde-8bac-8e7a0eed084d'
COMMIT
DELETE FROM SCHOOLS WHERE SCHOOLID='e6aa7ea7-9451-486f-848e-723562392766'
COMMIT
INSERT INTO SCHOOLS VALUES('7f707756-709b-4d2e-a1a0-3e3055e9f126','New Albany High School',NULL,NULL,NULL,NULL,NULL,NULL,NULL,1843)
COMMIT
INSERT INTO SCHOOLS VALUES('2f9c32a3-5022-4a60-812e-c7403d7af0ea','New Castle High School',NULL,NULL,NULL,NULL,NULL,NULL,NULL,1023)
COMMIT
INSERT INTO SCHOOLS VALUES('822e7ef3-7c69-4d61-b3be-98342945259f','New Haven High School',NULL,NULL,NULL,NULL,NULL,NULL,NULL,996)
COMMIT
INSERT INTO SCHOOLS VALUES('403da7d6-6bad-4965-ba98-4b05964977cc','New Washington High School',NULL,NULL,NULL,NULL,NULL,NULL,NULL,225)
COMMIT
DELETE FROM SCHOOLS WHERE SCHOOLID='355094b5-dded-46b8-9004-41d8a21a54b7'
COMMIT
INSERT INTO SCHOOLS VALUES('b6b09e84-0d9e-4d5b-94d7-80b951f736b3','North Central (Indianapolis) High School',NULL,NULL,NULL,NULL,NULL,NULL,NULL,3772)
COMMIT
INSERT INTO SCHOOLS VALUES('ee31cc59-ec76-43b3-95e3-80ef26838645','North Central (Farmersburg) High School',NULL,NULL,NULL,NULL,NULL,NULL,NULL,283)
COMMIT
INSERT INTO SCHOOLS VALUES('7f5a3892-ab5f-4c11-8a9b-9c2fef07c975','North Decatur High School',NULL,NULL,NULL,NULL,NULL,NULL,NULL,329)
COMMIT
INSERT INTO SCHOOLS VALUES('cfb75480-8c2d-48d0-aa50-219d41b026f8','North Posey High School',NULL,NULL,NULL,NULL,NULL,NULL,NULL,498)
COMMIT
DELETE FROM SCHOOLS WHERE SCHOOLID='970a1bd3-5eb1-4d5b-80fb-c1e0cc342a2f'
COMMIT
INSERT INTO SCHOOLS VALUES('8c388bd7-f830-4aa4-871d-8ba0761fd438','North Putnam High School',NULL,NULL,NULL,NULL,NULL,NULL,NULL,456)
COMMIT
INSERT INTO SCHOOLS VALUES('2adb8ad9-806e-41b3-b6e3-8992fb1fc4cc','Northwood High School',NULL,NULL,NULL,NULL,NULL,NULL,NULL,883)
COMMIT
DELETE FROM SCHOOLS WHERE SCHOOLID='0353ee6b-8f82-4f83-b53b-e78b513253f4'
COMMIT
DELETE FROM SCHOOLS WHERE SCHOOLID='0ed432b6-a558-4ee8-9910-97cb00c09702'
COMMIT
DELETE FROM SCHOOLS WHERE SCHOOLID='308e8dfc-6956-4994-9805-1d9631500078'
COMMIT
DELETE FROM SCHOOLS WHERE SCHOOLID='4414444c-f1cf-430f-a242-125f2da50b8f'
COMMIT
DELETE FROM SCHOOLS WHERE SCHOOLID='49309ca0-7b80-4a2e-b18f-e23693915eee'
COMMIT
DELETE FROM SCHOOLS WHERE SCHOOLID='8d4b85d0-656d-4bc3-8a52-ab5baf3df014'
COMMIT
DELETE FROM SCHOOLS WHERE SCHOOLID='9194eb02-887a-4810-ac3a-607aeead2648'
COMMIT
DELETE FROM SCHOOLS WHERE SCHOOLID='ae03f482-18ca-4bcb-840f-7c81c7d8c47f'
COMMIT
DELETE FROM SCHOOLS WHERE SCHOOLID='b6dd69d0-05b2-4ddd-8886-ab08a384ea07'
COMMIT
DELETE FROM SCHOOLS WHERE SCHOOLID='d31fe9d8-77f1-4c5c-9bf7-db5daaf72ac1'
COMMIT
DELETE FROM SCHOOLS WHERE SCHOOLID='eb1e7897-d95f-4219-9d21-f3ef57443902'
COMMIT
DELETE FROM SCHOOLS WHERE SCHOOLID='fe71f81f-d390-4d84-b995-78f266545e29'
COMMIT
INSERT INTO SCHOOLS VALUES('5689b8dd-40e6-4e04-964b-794ae1f3711e','Northfield High School',NULL,NULL,NULL,NULL,NULL,NULL,NULL,304)
COMMIT
INSERT INTO SCHOOLS VALUES('98a64618-e459-46e7-99cc-22dae19ebd51','Northridge High School',NULL,NULL,NULL,NULL,NULL,NULL,NULL,1392)
COMMIT
INSERT INTO SCHOOLS VALUES('ab25c503-6fd5-4dbc-93dc-33451ce4d049','Northview High School',NULL,NULL,NULL,NULL,NULL,NULL,NULL,1024)
COMMIT
INSERT INTO SCHOOLS VALUES('c266a96f-ca19-415b-b4d4-352e6f582140','Northwestern High School',NULL,NULL,NULL,NULL,NULL,NULL,NULL,562)
COMMIT
INSERT INTO SCHOOLS VALUES('2baef914-7af0-4613-b073-2e8b654dd9c9','Norwell High School',NULL,NULL,NULL,NULL,NULL,NULL,NULL,769)
COMMIT
DELETE FROM SCHOOLS WHERE SCHOOLID='3d1d87b4-1e00-42fa-88d1-921f74e8ee53'
COMMIT
DELETE FROM SCHOOLS WHERE SCHOOLID='63073945-6978-4567-bcfd-4a8ed0127141'
DELETE FROM SCHOOLS WHERE SCHOOLID='e868b87b-8425-4ee5-93ed-db7155da6081'
COMMIT
DELETE FROM SCHOOLS WHERE SCHOOLID='b98be7ed-7e14-400b-9ba6-e0f09fc178f7'
COMMIT
INSERT INTO SCHOOLS VALUES('525ad86a-3649-41d3-8742-ab7e08e93733','Oldenburg Academyl',NULL,NULL,NULL,NULL,NULL,NULL,NULL,210)
COMMIT
INSERT INTO SCHOOLS VALUES('074198c6-086b-4f56-b168-861e63cf544e','Owen Valley Community High School',NULL,NULL,NULL,NULL,NULL,NULL,NULL,813)
COMMIT
DELETE FROM SCHOOLS WHERE SCHOOLID='e7c69105-29b5-410b-9300-c1a6f6556492'
COMMIT
DELETE FROM SCHOOLS WHERE SCHOOLID='133d64b4-6c5a-4369-b469-552a70ffe415'
COMMIT
INSERT INTO SCHOOLS VALUES('388ad5f4-eac3-48fb-839c-a8f6e77b9fe6','Paoli High School',NULL,NULL,NULL,NULL,NULL,NULL,NULL,468)
COMMIT
INSERT INTO SCHOOLS VALUES('52a96761-3ea0-4361-9325-c7a7cdc284d1','Park Tudor School',NULL,NULL,NULL,NULL,NULL,NULL,NULL,403)
COMMIT
DELETE FROM SCHOOLS WHERE SCHOOLID='85817f5c-a65a-4b9a-94d9-5d0b3d9792cb'
COMMIT
INSERT INTO SCHOOLS VALUES('133fea04-bf92-446b-9088-86489416ea2a','Pendleton Heights Tudor High School',NULL,NULL,NULL,NULL,NULL,NULL,NULL,1421)
COMMIT
INSERT INTO SCHOOLS VALUES('8fa3131e-28e6-4ecc-ac45-81a3be3857fd','Perry Meridian High School',NULL,NULL,NULL,NULL,NULL,NULL,NULL,2351)
COMMIT
INSERT INTO SCHOOLS VALUES('cdefe857-537a-4be8-af06-9b3cca58f458','Pike Central High School',NULL,NULL,NULL,NULL,NULL,NULL,NULL,588)
COMMIT
DELETE FROM SCHOOLS WHERE SCHOOLID='b47484a5-fd59-4366-8b8b-735bfe576670'
DELETE FROM SCHOOLS WHERE SCHOOLID='c0c95e21-c7f1-4795-886f-e5c18c5aa612'
COMMIT
INSERT INTO SCHOOLS VALUES('020c3d7d-5aa7-4013-910e-bd20832b88af','Prarie Heights High School',NULL,NULL,NULL,NULL,NULL,NULL,NULL,415)
COMMIT
INSERT INTO SCHOOLS VALUES('6ef1db5e-47c8-40be-b96a-4c78b834aba8','Prarie Heights High School',NULL,NULL,NULL,NULL,NULL,NULL,NULL,415)
COMMIT
DELETE FROM SCHOOLS WHERE SCHOOLID='020c3d7d-5aa7-4013-910e-bd20832b88af'
DELETE FROM SCHOOLS WHERE SCHOOLID='6ef1db5e-47c8-40be-b96a-4c78b834aba8'
COMMIT
DELETE FROM SCHOOLS WHERE SCHOOLID='849e9df2-2b70-4354-bbc1-f5cbb89cdc4d'
COMMIT
INSERT INTO SCHOOLS VALUES('48f71df9-6390-4de0-a9c8-d2fb9957cc23','Prairie Heights High School',NULL,NULL,NULL,NULL,NULL,NULL,NULL,415)
COMMIT
INSERT INTO SCHOOLS VALUES('958c9561-6a73-4804-999e-29ab53153442','Princeton Community High School',NULL,NULL,NULL,NULL,NULL,NULL,NULL,618)
COMMIT
INSERT INTO SCHOOLS VALUES('5bc899d7-80d7-4345-8c36-e929d10b2d23','Providence High School',NULL,NULL,NULL,NULL,NULL,NULL,NULL,437)
COMMIT
INSERT INTO SCHOOLS VALUES('4cc227f4-aa13-4239-a8e7-ba1ff16393c1','Providence Crsto Rey High School',NULL,NULL,NULL,NULL,NULL,NULL,NULL,255)
COMMIT
DELETE FROM SCHOOLS WHERE SCHOOLID='47762637-5074-4481-94d4-2788c7ab6523'
COMMIT
DELETE FROM SCHOOLS WHERE SCHOOLID='5a8dd6f3-6001-4b28-8211-954f82c87a37'
COMMIT
DELETE FROM SCHOOLS WHERE SCHOOLID='439cd088-1812-4e11-aea0-6874d33617e4'
COMMIT
DELETE FROM SCHOOLS WHERE SCHOOLID='0cff957b-4c1a-4906-bc50-98fd9c102421'
COMMIT
DELETE FROM SCHOOLS WHERE SCHOOLID='5c5e0760-4d3b-4c83-aaea-b083ba595101'
COMMIT
DELETE FROM SCHOOLS WHERE SCHOOLID='0f24c664-42ba-4074-910d-55f87d56e499'
COMMIT
DELETE FROM SCHOOLS WHERE SCHOOLID='27e70830-9628-48b4-8585-25150f327643'
COMMIT
INSERT INTO SCHOOLS VALUES('b491e415-92c6-4236-a8cc-76c870e9bb06','Riverton Parke High School',NULL,NULL,NULL,NULL,NULL,NULL,NULL,304)
COMMIT
INSERT INTO SCHOOLS VALUES('d7fc093f-13dd-4b67-9721-37ff74bcb24b','Rochester Community  High School',NULL,NULL,NULL,NULL,NULL,NULL,NULL,524)
COMMIT
INSERT INTO SCHOOLS VALUES('df193eeb-32ed-4368-8de7-dc03a9ab89bc','Rochester Community  High School',NULL,NULL,NULL,NULL,NULL,NULL,NULL,524)
COMMIT
DELETE FROM SCHOOLS WHERE SCHOOLID='bdce4ecc-e4aa-4394-a7a2-7a71f6ab3b96'
DELETE FROM SCHOOLS WHERE SCHOOLID='d7fc093f-13dd-4b67-9721-37ff74bcb24b'
DELETE FROM SCHOOLS WHERE SCHOOLID='df193eeb-32ed-4368-8de7-dc03a9ab89bc'
COMMIT
INSERT INTO SCHOOLS VALUES('248b0edf-67bb-4f4c-a779-3a54e14d6e66','Rochester Community  High School',NULL,NULL,NULL,NULL,NULL,NULL,NULL,524)
COMMIT
DISCONNECT
